In file included from ../src/bufferutil.cc:16:0:
../node_modules/nan/nan.h:261:25: error: redefinition of ‘template<class T> v8::Local<T> _NanEnsureLocal(v8::Local<T>)’
 NAN_INLINE v8::Local<T> _NanEnsureLocal(v8::Local<T> val) {
                         ^
../node_modules/nan/nan.h:256:25: error: ‘template<class T> v8::Local<T> _NanEnsureLocal(v8::Handle<T>)’ previously declared here
 NAN_INLINE v8::Local<T> _NanEnsureLocal(v8::Handle<T> val) {
                         ^
../node_modules/nan/nan.h:661:13: error: ‘node::smalloc’ has not been declared
     , node::smalloc::FreeCallback callback
             ^
../node_modules/nan/nan.h:661:35: error: expected ‘,’ or ‘...’ before ‘callback’
     , node::smalloc::FreeCallback callback
                                   ^
../node_modules/nan/nan.h: In function ‘v8::Local<v8::Object> NanNewBufferHandle(char*, size_t, int)’:
../node_modules/nan/nan.h:665:50: error: ‘callback’ was not declared in this scope
         v8::Isolate::GetCurrent(), data, length, callback, hint);
                                                  ^
../node_modules/nan/nan.h:665:60: error: ‘hint’ was not declared in this scope
         v8::Isolate::GetCurrent(), data, length, callback, hint);
                                                            ^
../node_modules/nan/nan.h: In function ‘v8::Local<v8::Object> NanNewBufferHandle(const char*, uint32_t)’:
../node_modules/nan/nan.h:672:67: error: call of overloaded ‘New(v8::Isolate*, const char*&, uint32_t&)’ is ambiguous
     return node::Buffer::New(v8::Isolate::GetCurrent(), data, size);
                                                                   ^
../node_modules/nan/nan.h:672:67: note: candidates are:
In file included from ../src/bufferutil.cc:10:0:
/home/naz/.node-gyp/4.0.0/include/node/node_buffer.h:31:40: note: v8::MaybeLocal<v8::Object> node::Buffer::New(v8::Isolate*, v8::Local<v8::String>, node::encoding) <near match>
 NODE_EXTERN v8::MaybeLocal<v8::Object> New(v8::Isolate* isolate,
                                        ^
/home/naz/.node-gyp/4.0.0/include/node/node_buffer.h:31:40: note:   no known conversion for argument 3 from ‘uint32_t {aka unsigned int}’ to ‘node::encoding’
/home/naz/.node-gyp/4.0.0/include/node/node_buffer.h:43:40: note: v8::MaybeLocal<v8::Object> node::Buffer::New(v8::Isolate*, char*, size_t) <near match>
 NODE_EXTERN v8::MaybeLocal<v8::Object> New(v8::Isolate* isolate,
                                        ^
/home/naz/.node-gyp/4.0.0/include/node/node_buffer.h:43:40: note:   no known conversion for argument 2 from ‘const char*’ to ‘char*’
In file included from ../src/bufferutil.cc:16:0:
../node_modules/nan/nan.h: In function ‘v8::Local<v8::Object> NanNewBufferHandle(uint32_t)’:
../node_modules/nan/nan.h:676:61: error: could not convert ‘node::Buffer::New(v8::Isolate::GetCurrent(), ((size_t)size))’ from ‘v8::MaybeLocal<v8::Object>’ to ‘v8::Local<v8::Object>’
     return node::Buffer::New(v8::Isolate::GetCurrent(), size);
                                                             ^
../node_modules/nan/nan.h: In function ‘v8::Local<v8::Object> NanBufferUse(char*, uint32_t)’:
../node_modules/nan/nan.h:683:12: error: ‘Use’ is not a member of ‘node::Buffer’
     return node::Buffer::Use(v8::Isolate::GetCurrent(), data, size);
            ^
../src/bufferutil.cc: In static member function ‘static void BufferUtil::Initialize(v8::Handle<v8::Object>)’:
../src/bufferutil.cc:33:17: warning: ‘v8::Local<v8::String> NanSymbol(const char*, int)’ is deprecated (declared at ../node_modules/nan/nan.h:499) [-Wdeprecated-declarations]
     target->Set(NanSymbol("BufferUtil"), t->GetFunction());
                 ^
../src/bufferutil.cc:33:39: warning: ‘v8::Local<v8::String> NanSymbol(const char*, int)’ is deprecated (declared at ../node_modules/nan/nan.h:499) [-Wdeprecated-declarations]
     target->Set(NanSymbol("BufferUtil"), t->GetFunction());
                                       ^
make: *** [Release/obj.target/bufferutil/src/bufferutil.o] Errore 1
gyp ERR! build error 
gyp ERR! stack Error: `make` failed with exit code: 2
gyp ERR! stack     at ChildProcess.onExit (/home/naz/local/lib/node_modules/npm/node_modules/node-gyp/lib/build.js:270:23)
gyp ERR! stack     at emitTwo (events.js:87:13)
gyp ERR! stack     at ChildProcess.emit (events.js:172:7)
gyp ERR! stack     at Process.ChildProcess._handle.onexit (internal/child_process.js:200:12)
gyp ERR! System Linux 3.13.0-37-generic
gyp ERR! command "/home/naz/local/bin/node" "/home/naz/local/lib/node_modules/npm/node_modules/node-gyp/bin/node-gyp.js" "rebuild"
gyp ERR! cwd /media/naz/Ext4HDD/repo/websocket/node_modules/websocket
gyp ERR! node -v v4.0.0
gyp ERR! node-gyp -v v3.0.1
gyp ERR! not ok 
